<?xml version="1.0" encoding="UTF-8"?>
<Site BuildName="Linux-g++-9"
	BuildStamp="20210118-0016-Experimental"
	Name="Thomas-Laptop"
	Generator="ctest-3.16.3"
	CompilerName="/bin/g++-9"
	CompilerVersion="9.3.0"
	OSName="Linux"
	Hostname="Thomas-Laptop"
	OSRelease="5.8.0-36-generic"
	OSVersion="#40~20.04.1-Ubuntu SMP Wed Jan 6 10:15:55 UTC 2021"
	OSPlatform="x86_64"
	Is64Bits="1"
	VendorString="GenuineIntel"
	VendorID="Intel Corporation"
	FamilyID="6"
	ModelID="142"
	ProcessorCacheSize="8192"
	NumberOfLogicalCPU="8"
	NumberOfPhysicalCPU="4"
	TotalVirtualMemory="2047"
	TotalPhysicalMemory="15705"
	LogicalProcessorsPerPhysical="2"
	ProcessorClockFrequency="1900.02"
	>
	<Testing>
		<StartDateTime>Jan 18 00:16 GMT</StartDateTime>
		<StartTestTime>1610928983</StartTestTime>
		<TestList/>
		<EndDateTime>Jan 18 00:16 GMT</EndDateTime>
		<EndTestTime>1610928983</EndTestTime>
		<ElapsedMinutes>0</ElapsedMinutes>
	</Testing>
</Site>
